{"content": {"suites": {"0": {"status": {"total_pass": 0, "total_skip": 0, "total_xpass": 0, "total_xfail": 0, "total_rerun": 0, "total_fail": 1, "total_error": 0}, "tests": {"0": {"status": "FAIL", "message": "   selenium.common.exceptions.NoSuchElementException: Message: no such element: Unable to locate element: {\"method\":\"css selector\",\"selector\":\"#maincontainer>div>div.col-md-9.col-xs-12.mt20>div>div>section>a\"}\n     (Session info: chrome=94.0.4606.61)\n", "test_name": "test_CreateUser", "rerun": "0"}}, "suite_name": "Test/test_CreateUser.py"}, "1": {"suite_name": "Test/test_CreateUser_Without_Mandatory_Field.py", "tests": {"0": {"status": "PASS", "message": "", "test_name": "test_CreateUserWithoutMandatoryField", "rerun": "0"}}, "status": {"total_pass": 1, "total_skip": 0, "total_xpass": 0, "total_xfail": 0, "total_rerun": 0, "total_fail": 0, "total_error": 0}}, "2": {"suite_name": "Test/test_Find_Product.py", "tests": {"0": {"status": "PASS", "message": "", "test_name": "test_FindProduct", "rerun": "0"}}, "status": {"total_pass": 1, "total_skip": 0, "total_xpass": 0, "total_xfail": 0, "total_rerun": 0, "total_fail": 0, "total_error": 0}}, "3": {"suite_name": "Test/test_Load_Shopping_Cart.py", "tests": {"0": {"status": "PASS", "message": "", "test_name": "test_LoadShoppingCart", "rerun": "0"}}, "status": {"total_pass": 1, "total_skip": 0, "total_xpass": 0, "total_xfail": 0, "total_rerun": 0, "total_fail": 0, "total_error": 0}}, "4": {"suite_name": "Test/test_Login.py", "tests": {"0": {"status": "PASS", "message": "", "test_name": "test_Login", "rerun": "0"}}, "status": {"total_pass": 1, "total_skip": 0, "total_xpass": 0, "total_xfail": 0, "total_rerun": 0, "total_fail": 0, "total_error": 0}}, "5": {"suite_name": "Test/test_Make_Purchase.py", "tests": {"0": {"status": "FAIL", "message": "   selenium.common.exceptions.NoSuchElementException: Message: no such element: Unable to locate element: {\"method\":\"css selector\",\"selector\":\"#option305\"}\n     (Session info: chrome=94.0.4606.61)\n", "test_name": "test_MakePurchase", "rerun": "0"}}, "status": {"total_pass": 0, "total_skip": 0, "total_xpass": 0, "total_xfail": 0, "total_rerun": 0, "total_fail": 1, "total_error": 0}}, "6": {"suite_name": "Test/test_Show_Footer_Elements.py", "tests": {"0": {"status": "PASS", "message": "", "test_name": "test_ShowFooterElements", "rerun": "0"}}, "status": {"total_pass": 1, "total_skip": 0, "total_xpass": 0, "total_xfail": 0, "total_rerun": 0, "total_fail": 0, "total_error": 0}}, "7": {"suite_name": "Test/test_Verify_ContactUsForm.py", "tests": {"0": {"status": "PASS", "message": "", "test_name": "test_Verify_ContactUsForm", "rerun": "0"}}, "status": {"total_pass": 1, "total_skip": 0, "total_xpass": 0, "total_xfail": 0, "total_rerun": 0, "total_fail": 0, "total_error": 0}}, "8": {"suite_name": "Test/test_Verify_Order_Id.py", "tests": {"0": {"status": "FAIL", "message": "   selenium.common.exceptions.NoSuchElementException: Message: no such element: Unable to locate element: {\"method\":\"css selector\",\"selector\":\"#option305\"}\n     (Session info: chrome=94.0.4606.61)\n", "test_name": "test_VerifyOrder", "rerun": "0"}}, "status": {"total_pass": 0, "total_skip": 0, "total_xpass": 0, "total_xfail": 0, "total_rerun": 0, "total_fail": 1, "total_error": 0}}, "9": {"suite_name": "Test/test_Verify_User_Has_Already_Been_Created.py", "tests": {"0": {"status": "PASS", "message": "", "test_name": "test_UserAlreadyBeenCreated", "rerun": "0"}}, "status": {"total_pass": 1, "total_skip": 0, "total_xpass": 0, "total_xfail": 0, "total_rerun": 0, "total_fail": 0, "total_error": 0}}, "10": {"suite_name": "Test/test_Verify_WishList.py", "tests": {"0": {"status": "PASS", "message": "", "test_name": "test_VerifyWishList", "rerun": "0"}}, "status": {"total_pass": 1, "total_skip": 0, "total_xpass": 0, "total_xfail": 0, "total_rerun": 0, "total_fail": 0, "total_error": 0}}}}, "date": "September 27, 2021", "start_time": 1632768829.8037372, "total_suite": 11, "status": "FAIL", "status_list": {"pass": "8", "fail": "3", "skip": "0", "error": "0", "xpass": "0", "xfail": "0", "rerun": "0"}, "total_tests": "11"}